<?xml version="1.0" encoding="UTF-8"?>
<testsuite xmlns:xsi="http://www.w3.org/2001/XMLSchema-instance" xsi:noNamespaceSchemaLocation="https://maven.apache.org/surefire/maven-surefire-plugin/xsd/surefire-test-report-3.0.xsd" version="3.0" name="TestSuite" time="82.705" tests="12" errors="0" skipped="0" failures="0">
  <properties>
    <property name="sun.desktop" value="windows"/>
    <property name="awt.toolkit" value="sun.awt.windows.WToolkit"/>
    <property name="file.encoding.pkg" value="sun.io"/>
    <property name="java.specification.version" value="1.8"/>
    <property name="webdriver.chrome.driver" value="C:\Users\solma_kxvrxkn\.m2\repository\webdriver\chromedriver\win32\85.0.4183.87\chromedriver.exe"/>
    <property name="sun.cpu.isalist" value="amd64"/>
    <property name="sun.jnu.encoding" value="Cp1252"/>
    <property name="java.class.path" value="C:\Users\solma_kxvrxkn\IdeaProjects\seleniumprojectb18\target\test-classes;C:\Users\solma_kxvrxkn\IdeaProjects\seleniumprojectb18\target\classes;C:\Users\solma_kxvrxkn\.m2\repository\org\seleniumhq\selenium\selenium-java\3.141.59\selenium-java-3.141.59.jar;C:\Users\solma_kxvrxkn\.m2\repository\org\seleniumhq\selenium\selenium-api\3.141.59\selenium-api-3.141.59.jar;C:\Users\solma_kxvrxkn\.m2\repository\org\seleniumhq\selenium\selenium-chrome-driver\3.141.59\selenium-chrome-driver-3.141.59.jar;C:\Users\solma_kxvrxkn\.m2\repository\org\seleniumhq\selenium\selenium-edge-driver\3.141.59\selenium-edge-driver-3.141.59.jar;C:\Users\solma_kxvrxkn\.m2\repository\org\seleniumhq\selenium\selenium-firefox-driver\3.141.59\selenium-firefox-driver-3.141.59.jar;C:\Users\solma_kxvrxkn\.m2\repository\org\seleniumhq\selenium\selenium-ie-driver\3.141.59\selenium-ie-driver-3.141.59.jar;C:\Users\solma_kxvrxkn\.m2\repository\org\seleniumhq\selenium\selenium-opera-driver\3.141.59\selenium-opera-driver-3.141.59.jar;C:\Users\solma_kxvrxkn\.m2\repository\org\seleniumhq\selenium\selenium-remote-driver\3.141.59\selenium-remote-driver-3.141.59.jar;C:\Users\solma_kxvrxkn\.m2\repository\org\seleniumhq\selenium\selenium-safari-driver\3.141.59\selenium-safari-driver-3.141.59.jar;C:\Users\solma_kxvrxkn\.m2\repository\org\seleniumhq\selenium\selenium-support\3.141.59\selenium-support-3.141.59.jar;C:\Users\solma_kxvrxkn\.m2\repository\net\bytebuddy\byte-buddy\1.8.15\byte-buddy-1.8.15.jar;C:\Users\solma_kxvrxkn\.m2\repository\org\apache\commons\commons-exec\1.3\commons-exec-1.3.jar;C:\Users\solma_kxvrxkn\.m2\repository\com\google\guava\guava\25.0-jre\guava-25.0-jre.jar;C:\Users\solma_kxvrxkn\.m2\repository\com\google\code\findbugs\jsr305\1.3.9\jsr305-1.3.9.jar;C:\Users\solma_kxvrxkn\.m2\repository\org\checkerframework\checker-compat-qual\2.0.0\checker-compat-qual-2.0.0.jar;C:\Users\solma_kxvrxkn\.m2\repository\com\google\errorprone\error_prone_annotations\2.1.3\error_prone_annotations-2.1.3.jar;C:\Users\solma_kxvrxkn\.m2\repository\com\google\j2objc\j2objc-annotations\1.1\j2objc-annotations-1.1.jar;C:\Users\solma_kxvrxkn\.m2\repository\org\codehaus\mojo\animal-sniffer-annotations\1.14\animal-sniffer-annotations-1.14.jar;C:\Users\solma_kxvrxkn\.m2\repository\com\squareup\okhttp3\okhttp\3.11.0\okhttp-3.11.0.jar;C:\Users\solma_kxvrxkn\.m2\repository\com\squareup\okio\okio\1.14.0\okio-1.14.0.jar;C:\Users\solma_kxvrxkn\.m2\repository\io\github\bonigarcia\webdrivermanager\4.0.0\webdrivermanager-4.0.0.jar;C:\Users\solma_kxvrxkn\.m2\repository\org\slf4j\slf4j-api\1.7.30\slf4j-api-1.7.30.jar;C:\Users\solma_kxvrxkn\.m2\repository\commons-io\commons-io\2.6\commons-io-2.6.jar;C:\Users\solma_kxvrxkn\.m2\repository\com\google\code\gson\gson\2.8.6\gson-2.8.6.jar;C:\Users\solma_kxvrxkn\.m2\repository\org\apache\commons\commons-lang3\3.10\commons-lang3-3.10.jar;C:\Users\solma_kxvrxkn\.m2\repository\org\apache\httpcomponents\client5\httpclient5\5.0\httpclient5-5.0.jar;C:\Users\solma_kxvrxkn\.m2\repository\org\apache\httpcomponents\core5\httpcore5\5.0\httpcore5-5.0.jar;C:\Users\solma_kxvrxkn\.m2\repository\org\apache\httpcomponents\core5\httpcore5-h2\5.0\httpcore5-h2-5.0.jar;C:\Users\solma_kxvrxkn\.m2\repository\commons-codec\commons-codec\1.13\commons-codec-1.13.jar;C:\Users\solma_kxvrxkn\.m2\repository\org\rauschig\jarchivelib\1.0.0\jarchivelib-1.0.0.jar;C:\Users\solma_kxvrxkn\.m2\repository\org\apache\commons\commons-compress\1.18\commons-compress-1.18.jar;C:\Users\solma_kxvrxkn\.m2\repository\org\jsoup\jsoup\1.13.1\jsoup-1.13.1.jar;C:\Users\solma_kxvrxkn\.m2\repository\org\testng\testng\7.1.0\testng-7.1.0.jar;C:\Users\solma_kxvrxkn\.m2\repository\com\beust\jcommander\1.72\jcommander-1.72.jar;C:\Users\solma_kxvrxkn\.m2\repository\com\google\inject\guice\4.1.0\guice-4.1.0-no_aop.jar;C:\Users\solma_kxvrxkn\.m2\repository\javax\inject\javax.inject\1\javax.inject-1.jar;C:\Users\solma_kxvrxkn\.m2\repository\aopalliance\aopalliance\1.0\aopalliance-1.0.jar;C:\Users\solma_kxvrxkn\.m2\repository\org\yaml\snakeyaml\1.21\snakeyaml-1.21.jar;C:\Users\solma_kxvrxkn\.m2\repository\com\github\javafaker\javafaker\1.0.2\javafaker-1.0.2.jar;C:\Users\solma_kxvrxkn\.m2\repository\org\yaml\snakeyaml\1.23\snakeyaml-1.23-android.jar;C:\Users\solma_kxvrxkn\.m2\repository\com\github\mifmif\generex\1.0.2\generex-1.0.2.jar;C:\Users\solma_kxvrxkn\.m2\repository\dk\brics\automaton\automaton\1.11-8\automaton-1.11-8.jar;"/>
    <property name="java.vm.vendor" value="Oracle Corporation"/>
    <property name="sun.arch.data.model" value="64"/>
    <property name="user.variant" value=""/>
    <property name="java.vendor.url" value="http://java.oracle.com/"/>
    <property name="user.timezone" value="America/New_York"/>
    <property name="java.vm.specification.version" value="1.8"/>
    <property name="os.name" value="Windows 10"/>
    <property name="user.country" value="US"/>
    <property name="sun.java.launcher" value="SUN_STANDARD"/>
    <property name="sun.boot.library.path" value="C:\Program Files\Java\jdk1.8.0_231\jre\bin"/>
    <property name="sun.java.command" value="C:\Users\solma_kxvrxkn\AppData\Local\Temp\surefire7033265630982063850\surefirebooter5880381498328874104.jar C:\Users\solma_kxvrxkn\AppData\Local\Temp\surefire7033265630982063850 2020-09-06T19-44-41_872-jvmRun1 surefire2049465374197956970tmp surefire_08346369694590926266tmp"/>
    <property name="surefire.test.class.path" value="C:\Users\solma_kxvrxkn\IdeaProjects\seleniumprojectb18\target\test-classes;C:\Users\solma_kxvrxkn\IdeaProjects\seleniumprojectb18\target\classes;C:\Users\solma_kxvrxkn\.m2\repository\org\seleniumhq\selenium\selenium-java\3.141.59\selenium-java-3.141.59.jar;C:\Users\solma_kxvrxkn\.m2\repository\org\seleniumhq\selenium\selenium-api\3.141.59\selenium-api-3.141.59.jar;C:\Users\solma_kxvrxkn\.m2\repository\org\seleniumhq\selenium\selenium-chrome-driver\3.141.59\selenium-chrome-driver-3.141.59.jar;C:\Users\solma_kxvrxkn\.m2\repository\org\seleniumhq\selenium\selenium-edge-driver\3.141.59\selenium-edge-driver-3.141.59.jar;C:\Users\solma_kxvrxkn\.m2\repository\org\seleniumhq\selenium\selenium-firefox-driver\3.141.59\selenium-firefox-driver-3.141.59.jar;C:\Users\solma_kxvrxkn\.m2\repository\org\seleniumhq\selenium\selenium-ie-driver\3.141.59\selenium-ie-driver-3.141.59.jar;C:\Users\solma_kxvrxkn\.m2\repository\org\seleniumhq\selenium\selenium-opera-driver\3.141.59\selenium-opera-driver-3.141.59.jar;C:\Users\solma_kxvrxkn\.m2\repository\org\seleniumhq\selenium\selenium-remote-driver\3.141.59\selenium-remote-driver-3.141.59.jar;C:\Users\solma_kxvrxkn\.m2\repository\org\seleniumhq\selenium\selenium-safari-driver\3.141.59\selenium-safari-driver-3.141.59.jar;C:\Users\solma_kxvrxkn\.m2\repository\org\seleniumhq\selenium\selenium-support\3.141.59\selenium-support-3.141.59.jar;C:\Users\solma_kxvrxkn\.m2\repository\net\bytebuddy\byte-buddy\1.8.15\byte-buddy-1.8.15.jar;C:\Users\solma_kxvrxkn\.m2\repository\org\apache\commons\commons-exec\1.3\commons-exec-1.3.jar;C:\Users\solma_kxvrxkn\.m2\repository\com\google\guava\guava\25.0-jre\guava-25.0-jre.jar;C:\Users\solma_kxvrxkn\.m2\repository\com\google\code\findbugs\jsr305\1.3.9\jsr305-1.3.9.jar;C:\Users\solma_kxvrxkn\.m2\repository\org\checkerframework\checker-compat-qual\2.0.0\checker-compat-qual-2.0.0.jar;C:\Users\solma_kxvrxkn\.m2\repository\com\google\errorprone\error_prone_annotations\2.1.3\error_prone_annotations-2.1.3.jar;C:\Users\solma_kxvrxkn\.m2\repository\com\google\j2objc\j2objc-annotations\1.1\j2objc-annotations-1.1.jar;C:\Users\solma_kxvrxkn\.m2\repository\org\codehaus\mojo\animal-sniffer-annotations\1.14\animal-sniffer-annotations-1.14.jar;C:\Users\solma_kxvrxkn\.m2\repository\com\squareup\okhttp3\okhttp\3.11.0\okhttp-3.11.0.jar;C:\Users\solma_kxvrxkn\.m2\repository\com\squareup\okio\okio\1.14.0\okio-1.14.0.jar;C:\Users\solma_kxvrxkn\.m2\repository\io\github\bonigarcia\webdrivermanager\4.0.0\webdrivermanager-4.0.0.jar;C:\Users\solma_kxvrxkn\.m2\repository\org\slf4j\slf4j-api\1.7.30\slf4j-api-1.7.30.jar;C:\Users\solma_kxvrxkn\.m2\repository\commons-io\commons-io\2.6\commons-io-2.6.jar;C:\Users\solma_kxvrxkn\.m2\repository\com\google\code\gson\gson\2.8.6\gson-2.8.6.jar;C:\Users\solma_kxvrxkn\.m2\repository\org\apache\commons\commons-lang3\3.10\commons-lang3-3.10.jar;C:\Users\solma_kxvrxkn\.m2\repository\org\apache\httpcomponents\client5\httpclient5\5.0\httpclient5-5.0.jar;C:\Users\solma_kxvrxkn\.m2\repository\org\apache\httpcomponents\core5\httpcore5\5.0\httpcore5-5.0.jar;C:\Users\solma_kxvrxkn\.m2\repository\org\apache\httpcomponents\core5\httpcore5-h2\5.0\httpcore5-h2-5.0.jar;C:\Users\solma_kxvrxkn\.m2\repository\commons-codec\commons-codec\1.13\commons-codec-1.13.jar;C:\Users\solma_kxvrxkn\.m2\repository\org\rauschig\jarchivelib\1.0.0\jarchivelib-1.0.0.jar;C:\Users\solma_kxvrxkn\.m2\repository\org\apache\commons\commons-compress\1.18\commons-compress-1.18.jar;C:\Users\solma_kxvrxkn\.m2\repository\org\jsoup\jsoup\1.13.1\jsoup-1.13.1.jar;C:\Users\solma_kxvrxkn\.m2\repository\org\testng\testng\7.1.0\testng-7.1.0.jar;C:\Users\solma_kxvrxkn\.m2\repository\com\beust\jcommander\1.72\jcommander-1.72.jar;C:\Users\solma_kxvrxkn\.m2\repository\com\google\inject\guice\4.1.0\guice-4.1.0-no_aop.jar;C:\Users\solma_kxvrxkn\.m2\repository\javax\inject\javax.inject\1\javax.inject-1.jar;C:\Users\solma_kxvrxkn\.m2\repository\aopalliance\aopalliance\1.0\aopalliance-1.0.jar;C:\Users\solma_kxvrxkn\.m2\repository\org\yaml\snakeyaml\1.21\snakeyaml-1.21.jar;C:\Users\solma_kxvrxkn\.m2\repository\com\github\javafaker\javafaker\1.0.2\javafaker-1.0.2.jar;C:\Users\solma_kxvrxkn\.m2\repository\org\yaml\snakeyaml\1.23\snakeyaml-1.23-android.jar;C:\Users\solma_kxvrxkn\.m2\repository\com\github\mifmif\generex\1.0.2\generex-1.0.2.jar;C:\Users\solma_kxvrxkn\.m2\repository\dk\brics\automaton\automaton\1.11-8\automaton-1.11-8.jar;"/>
    <property name="sun.cpu.endian" value="little"/>
    <property name="user.home" value="C:\Users\solma_kxvrxkn"/>
    <property name="user.language" value="en"/>
    <property name="java.specification.vendor" value="Oracle Corporation"/>
    <property name="java.home" value="C:\Program Files\Java\jdk1.8.0_231\jre"/>
    <property name="basedir" value="C:\Users\solma_kxvrxkn\IdeaProjects\seleniumprojectb18"/>
    <property name="file.separator" value="\"/>
    <property name="line.separator" value="&#10;"/>
    <property name="java.vm.specification.vendor" value="Oracle Corporation"/>
    <property name="java.specification.name" value="Java Platform API Specification"/>
    <property name="java.awt.graphicsenv" value="sun.awt.Win32GraphicsEnvironment"/>
    <property name="surefire.real.class.path" value="C:\Users\solma_kxvrxkn\AppData\Local\Temp\surefire7033265630982063850\surefirebooter5880381498328874104.jar"/>
    <property name="sun.boot.class.path" value="C:\Program Files\Java\jdk1.8.0_231\jre\lib\resources.jar;C:\Program Files\Java\jdk1.8.0_231\jre\lib\rt.jar;C:\Program Files\Java\jdk1.8.0_231\jre\lib\sunrsasign.jar;C:\Program Files\Java\jdk1.8.0_231\jre\lib\jsse.jar;C:\Program Files\Java\jdk1.8.0_231\jre\lib\jce.jar;C:\Program Files\Java\jdk1.8.0_231\jre\lib\charsets.jar;C:\Program Files\Java\jdk1.8.0_231\jre\lib\jfr.jar;C:\Program Files\Java\jdk1.8.0_231\jre\classes"/>
    <property name="user.script" value=""/>
    <property name="sun.management.compiler" value="HotSpot 64-Bit Tiered Compilers"/>
    <property name="java.runtime.version" value="1.8.0_231-b11"/>
    <property name="user.name" value="solma_kxvrxkn"/>
    <property name="path.separator" value=";"/>
    <property name="os.version" value="10.0"/>
    <property name="java.endorsed.dirs" value="C:\Program Files\Java\jdk1.8.0_231\jre\lib\endorsed"/>
    <property name="java.runtime.name" value="Java(TM) SE Runtime Environment"/>
    <property name="file.encoding" value="Cp1252"/>
    <property name="java.vm.name" value="Java HotSpot(TM) 64-Bit Server VM"/>
    <property name="localRepository" value="C:\Users\solma_kxvrxkn\.m2\repository"/>
    <property name="java.vendor.url.bug" value="http://bugreport.sun.com/bugreport/"/>
    <property name="java.io.tmpdir" value="C:\Users\SOLMA_~1\AppData\Local\Temp\"/>
    <property name="java.version" value="1.8.0_231"/>
    <property name="user.dir" value="C:\Users\solma_kxvrxkn\IdeaProjects\seleniumprojectb18"/>
    <property name="os.arch" value="amd64"/>
    <property name="java.vm.specification.name" value="Java Virtual Machine Specification"/>
    <property name="java.awt.printerjob" value="sun.awt.windows.WPrinterJob"/>
    <property name="sun.os.patch.level" value=""/>
    <property name="idea.version2019.3.3" value="true"/>
    <property name="java.library.path" value="C:\Program Files\Java\jdk1.8.0_231\jre\bin;C:\Windows\Sun\Java\bin;C:\Windows\system32;C:\Windows;C:\Program Files (x86)\Common Files\Oracle\Java\javapath;C:\Windows\system32;C:\Windows;C:\Windows\System32\Wbem;C:\Windows\System32\WindowsPowerShell\v1.0\;C:\Windows\System32\OpenSSH\;C:\Program Files (x86)\NVIDIA Corporation\PhysX\Common;C:\Program Files\NVIDIA Corporation\NVIDIA NvDLISR;C:\Program Files\Java\jdk1.8.0_231\bin;C:\Program Files\Git\cmd;C:\Program Files\Java\jdk1.8.0_231\bin;;."/>
    <property name="java.vm.info" value="mixed mode"/>
    <property name="java.vendor" value="Oracle Corporation"/>
    <property name="java.vm.version" value="25.231-b11"/>
    <property name="java.ext.dirs" value="C:\Program Files\Java\jdk1.8.0_231\jre\lib\ext;C:\Windows\Sun\Java\lib\ext"/>
    <property name="sun.io.unicode.encoding" value="UnicodeLittle"/>
    <property name="java.class.version" value="52.0"/>
  </properties>
  <testcase name="test1" classname="test.day6_TestNG_dropdowns.Task2" time="4.29">
    <system-err><![CDATA[SLF4J: Failed to load class "org.slf4j.impl.StaticLoggerBinder".
SLF4J: Defaulting to no-operation (NOP) logger implementation
SLF4J: See http://www.slf4j.org/codes.html#StaticLoggerBinder for further details.
Starting ChromeDriver 85.0.4183.87 (cd6713ebf92fa1cacc0f1a598df280093af0c5d7-refs/branch-heads/4183@{#1689}) on port 45597
Only local connections are allowed.
Please see https://chromedriver.chromium.org/security-considerations for suggestions on keeping ChromeDriver safe.
ChromeDriver was started successfully.
Sep 06, 2020 7:44:49 PM org.openqa.selenium.remote.ProtocolHandshake createSession
INFO: Detected dialect: W3C
]]></system-err>
  </testcase>
  <testcase name="test1" classname="test.day5_testing_intro.FirstTestNGClass" time="0.001">
    <system-out><![CDATA[Before method running...
Test1 is running...
]]></system-out>
  </testcase>
  <testcase name="registrForm" classname="test.day7_javafaker_webtables.Cyber_Registr_form_confirmTC6" time="2.297">
    <system-out><![CDATA[After method running...
]]></system-out>
    <system-err><![CDATA[Starting ChromeDriver 85.0.4183.87 (cd6713ebf92fa1cacc0f1a598df280093af0c5d7-refs/branch-heads/4183@{#1689}) on port 30010
Only local connections are allowed.
Please see https://chromedriver.chromium.org/security-considerations for suggestions on keeping ChromeDriver safe.
ChromeDriver was started successfully.
Sep 06, 2020 7:45:01 PM org.openqa.selenium.remote.ProtocolHandshake createSession
INFO: Detected dialect: W3C
]]></system-err>
  </testcase>
  <testcase name="faker_test" classname="test.day7_javafaker_webtables.JavaFaker_practice" time="0.104">
    <system-out><![CDATA[name = Mariano Bashirian
firstName = Alan
lastName = Mann
streetAdress = 207 Lavina River
gameOfThrones = Summer will end soon enough, and childhood as well.
chuckNorris = Chuck Norris rewrote the Google search engine from scratch.
]]></system-out>
  </testcase>
  <testcase name="TestTheMethod" classname="test.day7_javafaker_webtables.printNamesAndCitiesTask5" time="0.281">
    <system-out><![CDATA[Name1: Paul Brown, City1: Las Vegas, NV
Name2: Mark Smith, City2: Whitestone, British
Name3: Steve Johns, City3: Salmon Island
Name4: Charles Dodgeson, City4: Bringtone, TX
Name5: Susan McLaren, City5: Earlcastle
Name6: Bob Feather, City6: Milltown, WI
Name7: Samuel Clemens, City7: Hillsberry, UT
Name8: Clare Jefferson, City8: Greentown, CA
]]></system-out>
    <system-err><![CDATA[Starting ChromeDriver 85.0.4183.87 (cd6713ebf92fa1cacc0f1a598df280093af0c5d7-refs/branch-heads/4183@{#1689}) on port 26577
Only local connections are allowed.
Please see https://chromedriver.chromium.org/security-considerations for suggestions on keeping ChromeDriver safe.
ChromeDriver was started successfully.
Sep 06, 2020 7:45:12 PM org.openqa.selenium.remote.ProtocolHandshake createSession
INFO: Detected dialect: W3C
]]></system-err>
  </testcase>
  <testcase name="p1_smartbear_login_test" classname="test.day7_javafaker_webtables.SmartBear" time="1.521">
    <system-err><![CDATA[Starting ChromeDriver 85.0.4183.87 (cd6713ebf92fa1cacc0f1a598df280093af0c5d7-refs/branch-heads/4183@{#1689}) on port 7294
Only local connections are allowed.
Please see https://chromedriver.chromium.org/security-considerations for suggestions on keeping ChromeDriver safe.
ChromeDriver was started successfully.
Sep 06, 2020 7:45:21 PM org.openqa.selenium.remote.ProtocolHandshake createSession
INFO: Detected dialect: W3C
]]></system-err>
  </testcase>
  <testcase name="webTable" classname="test.day7_javafaker_webtables.smartBearOrderVerification" time="0.251">
    <system-err><![CDATA[Starting ChromeDriver 85.0.4183.87 (cd6713ebf92fa1cacc0f1a598df280093af0c5d7-refs/branch-heads/4183@{#1689}) on port 28866
Only local connections are allowed.
Please see https://chromedriver.chromium.org/security-considerations for suggestions on keeping ChromeDriver safe.
ChromeDriver was started successfully.
Sep 06, 2020 7:45:32 PM org.openqa.selenium.remote.ProtocolHandshake createSession
INFO: Detected dialect: W3C
]]></system-err>
  </testcase>
  <testcase name="webTable" classname="test.day7_javafaker_webtables.SmartBearOrderVerify" time="0.05">
    <system-err><![CDATA[Starting ChromeDriver 85.0.4183.87 (cd6713ebf92fa1cacc0f1a598df280093af0c5d7-refs/branch-heads/4183@{#1689}) on port 5742
Only local connections are allowed.
Please see https://chromedriver.chromium.org/security-considerations for suggestions on keeping ChromeDriver safe.
ChromeDriver was started successfully.
Sep 06, 2020 7:45:40 PM org.openqa.selenium.remote.ProtocolHandshake createSession
INFO: Detected dialect: W3C
]]></system-err>
  </testcase>
  <testcase name="p1_smartbear_login_test" classname="test.day7_javafaker_webtables.SmartBearTests" time="0.607">
    <system-out><![CDATA[links counts: 6
View all orders
View all products
Order
Logout
Check All
Uncheck All
]]></system-out>
    <system-err><![CDATA[Starting ChromeDriver 85.0.4183.87 (cd6713ebf92fa1cacc0f1a598df280093af0c5d7-refs/branch-heads/4183@{#1689}) on port 8654
Only local connections are allowed.
Please see https://chromedriver.chromium.org/security-considerations for suggestions on keeping ChromeDriver safe.
ChromeDriver was started successfully.
Sep 06, 2020 7:45:46 PM org.openqa.selenium.remote.ProtocolHandshake createSession
INFO: Detected dialect: W3C
]]></system-err>
  </testcase>
  <testcase name="month_default_values_test" classname="test.day7_javafaker_webtables.T7_month_dropdown" time="0.17">
    <system-err><![CDATA[Starting ChromeDriver 85.0.4183.87 (cd6713ebf92fa1cacc0f1a598df280093af0c5d7-refs/branch-heads/4183@{#1689}) on port 41941
Only local connections are allowed.
Please see https://chromedriver.chromium.org/security-considerations for suggestions on keeping ChromeDriver safe.
ChromeDriver was started successfully.
Sep 06, 2020 7:45:55 PM org.openqa.selenium.remote.ProtocolHandshake createSession
INFO: Detected dialect: W3C
]]></system-err>
  </testcase>
  <testcase name="month_list_verification" classname="test.day7_javafaker_webtables.T7_month_dropdown" time="0.404">
    <system-out><![CDATA[true
true
true
true
true
true
true
true
true
true
true
]]></system-out>
  </testcase>
  <testcase name="Test1" classname="test.day7_javafaker_webtables.verifyOrdarTask4" time="0.026">
    <system-err><![CDATA[Starting ChromeDriver 85.0.4183.87 (cd6713ebf92fa1cacc0f1a598df280093af0c5d7-refs/branch-heads/4183@{#1689}) on port 37935
Only local connections are allowed.
Please see https://chromedriver.chromium.org/security-considerations for suggestions on keeping ChromeDriver safe.
ChromeDriver was started successfully.
Sep 06, 2020 7:46:01 PM org.openqa.selenium.remote.ProtocolHandshake createSession
INFO: Detected dialect: W3C
]]></system-err>
  </testcase>
</testsuite>