<?xml version="1.0" encoding="UTF-8"?>
<!-- Generated by org.testng.reporters.JUnitReportReporter -->
<testsuite skipped="0" hostname="Unfading" name="test.day7_javafaker_webtables.T7_month_dropdown" tests="2" failures="0" timestamp="2020-09-06T19:46:07 EDT" time="0.575" errors="0">
  <testcase name="month_list_verification" time="0.402" classname="test.day7_javafaker_webtables.T7_month_dropdown"/>
  <system-out/>
  <testcase name="month_default_values_test" time="0.173" classname="test.day7_javafaker_webtables.T7_month_dropdown"/>
  <system-out/>
</testsuite> <!-- test.day7_javafaker_webtables.T7_month_dropdown -->
