<?xml version="1.0" encoding="UTF-8"?>
<!-- Generated by org.testng.reporters.JUnitReportReporter -->
<testsuite skipped="0" hostname="Unfading" name="test.day6_TestNG_dropdowns.Task2" tests="1" failures="0" timestamp="2020-09-06T19:46:07 EDT" time="13.529" errors="0">
  <testcase name="test1" time="13.529" classname="test.day6_TestNG_dropdowns.Task2"/>
  <system-out/>
</testsuite> <!-- test.day6_TestNG_dropdowns.Task2 -->
