<?xml version="1.0" encoding="UTF-8"?>
<!-- Generated by org.testng.reporters.JUnitReportReporter -->
<testsuite skipped="0" hostname="Unfading" name="test.day7_javafaker_webtables.SmartBearTests" tests="1" failures="0" timestamp="2020-09-06T19:46:07 EDT" time="3.443" errors="0">
  <testcase name="p1_smartbear_login_test" time="3.443" classname="test.day7_javafaker_webtables.SmartBearTests"/>
  <system-out/>
</testsuite> <!-- test.day7_javafaker_webtables.SmartBearTests -->
