<?xml version="1.0" encoding="UTF-8"?>
<!-- Generated by org.testng.reporters.JUnitReportReporter -->
<testsuite skipped="0" hostname="Unfading" name="test.day7_javafaker_webtables.SmartBearOrderVerify" tests="1" failures="0" timestamp="2020-09-06T19:46:07 EDT" time="0.054" errors="0">
  <testcase name="webTable" time="0.054" classname="test.day7_javafaker_webtables.SmartBearOrderVerify"/>
  <system-out/>
</testsuite> <!-- test.day7_javafaker_webtables.SmartBearOrderVerify -->
