<?xml version="1.0" encoding="UTF-8"?>
<!-- Generated by org.testng.reporters.JUnitReportReporter -->
<testsuite skipped="0" hostname="Unfading" name="test.day7_javafaker_webtables.smartBearOrderVerification" tests="1" failures="0" timestamp="2020-09-06T19:46:07 EDT" time="8.124" errors="0">
  <testcase name="webTable" time="8.124" classname="test.day7_javafaker_webtables.smartBearOrderVerification"/>
  <system-out/>
</testsuite> <!-- test.day7_javafaker_webtables.smartBearOrderVerification -->
