<?xml version="1.0" encoding="UTF-8"?>
<!-- Generated by org.testng.reporters.JUnitReportReporter -->
<testsuite skipped="0" hostname="Unfading" name="test.day5_testing_intro.FirstTestNGClass" tests="1" failures="0" timestamp="2020-09-06T19:46:07 EDT" time="0.003" errors="0">
  <testcase name="test1" time="0.003" classname="test.day5_testing_intro.FirstTestNGClass"/>
  <system-out/>
</testsuite> <!-- test.day5_testing_intro.FirstTestNGClass -->
